<?xml version="1.0" encoding="UTF-8"?>
<testsuite name="GaBom.Bom.repository.PinRepositoryTest" tests="1" skipped="0" failures="0" errors="0" timestamp="2022-04-27T03:41:23" hostname="DESKTOP-8R42LVA" time="0.265">
  <properties/>
  <testcase name="PinRepositoryTest()" classname="GaBom.Bom.repository.PinRepositoryTest" time="0.265"/>
  <system-out><![CDATA[2022-04-27 12:41:23.672  INFO 14432 --- [    Test worker] .b.t.c.SpringBootTestContextBootstrapper : Neither @ContextConfiguration nor @ContextHierarchy found for test class [GaBom.Bom.repository.PinRepositoryTest], using SpringBootContextLoader
2022-04-27 12:41:23.673  INFO 14432 --- [    Test worker] o.s.t.c.support.AbstractContextLoader    : Could not detect default resource locations for test class [GaBom.Bom.repository.PinRepositoryTest]: no resource found for suffixes {-context.xml, Context.groovy}.
2022-04-27 12:41:23.673  INFO 14432 --- [    Test worker] t.c.s.AnnotationConfigContextLoaderUtils : Could not detect default configuration classes for test class [GaBom.Bom.repository.PinRepositoryTest]: PinRepositoryTest does not declare any static, non-private, non-final, nested classes annotated with @Configuration.
2022-04-27 12:41:23.681  INFO 14432 --- [    Test worker] .b.t.c.SpringBootTestContextBootstrapper : Found @SpringBootConfiguration GaBom.Bom.BomApplication for test class GaBom.Bom.repository.PinRepositoryTest
2022-04-27 12:41:23.683  INFO 14432 --- [    Test worker] .b.t.c.SpringBootTestContextBootstrapper : Loaded default TestExecutionListener class names from location [META-INF/spring.factories]: [org.springframework.boot.test.autoconfigure.restdocs.RestDocsTestExecutionListener, org.springframework.boot.test.autoconfigure.web.client.MockRestServiceServerResetTestExecutionListener, org.springframework.boot.test.autoconfigure.web.servlet.MockMvcPrintOnlyOnFailureTestExecutionListener, org.springframework.boot.test.autoconfigure.web.servlet.WebDriverTestExecutionListener, org.springframework.boot.test.autoconfigure.webservices.client.MockWebServiceServerTestExecutionListener, org.springframework.boot.test.mock.mockito.MockitoTestExecutionListener, org.springframework.boot.test.mock.mockito.ResetMocksTestExecutionListener, org.springframework.test.context.web.ServletTestExecutionListener, org.springframework.test.context.support.DirtiesContextBeforeModesTestExecutionListener, org.springframework.test.context.event.ApplicationEventsTestExecutionListener, org.springframework.test.context.support.DependencyInjectionTestExecutionListener, org.springframework.test.context.support.DirtiesContextTestExecutionListener, org.springframework.test.context.transaction.TransactionalTestExecutionListener, org.springframework.test.context.jdbc.SqlScriptsTestExecutionListener, org.springframework.test.context.event.EventPublishingTestExecutionListener]
2022-04-27 12:41:23.683  INFO 14432 --- [    Test worker] .b.t.c.SpringBootTestContextBootstrapper : Using TestExecutionListeners: [org.springframework.test.context.web.ServletTestExecutionListener@f6921b7, org.springframework.test.context.support.DirtiesContextBeforeModesTestExecutionListener@19cee7ed, org.springframework.test.context.event.ApplicationEventsTestExecutionListener@4e8e0052, org.springframework.boot.test.mock.mockito.MockitoTestExecutionListener@5a2ce458, org.springframework.boot.test.autoconfigure.SpringBootDependencyInjectionTestExecutionListener@1c8e1233, org.springframework.test.context.support.DirtiesContextTestExecutionListener@72117fc0, org.springframework.test.context.transaction.TransactionalTestExecutionListener@4ca37d40, org.springframework.test.context.jdbc.SqlScriptsTestExecutionListener@71904ea8, org.springframework.test.context.event.EventPublishingTestExecutionListener@1d63c523, org.springframework.boot.test.autoconfigure.restdocs.RestDocsTestExecutionListener@64f55630, org.springframework.boot.test.autoconfigure.web.client.MockRestServiceServerResetTestExecutionListener@336b6e93, org.springframework.boot.test.autoconfigure.web.servlet.MockMvcPrintOnlyOnFailureTestExecutionListener@40fd9358, org.springframework.boot.test.autoconfigure.web.servlet.WebDriverTestExecutionListener@43b41cb9, org.springframework.boot.test.autoconfigure.webservices.client.MockWebServiceServerTestExecutionListener@d3e9629, org.springframework.boot.test.mock.mockito.ResetMocksTestExecutionListener@65c97eeb]
2022-04-27 12:41:23.700  INFO 14432 --- [    Test worker] o.s.t.c.transaction.TransactionContext   : Began transaction (1) for test context [DefaultTestContext@234421ca testClass = PinRepositoryTest, testInstance = GaBom.Bom.repository.PinRepositoryTest@6e774194, testMethod = PinRepositoryTest@PinRepositoryTest, testException = [null], mergedContextConfiguration = [WebMergedContextConfiguration@ebcf6c0 testClass = PinRepositoryTest, locations = '{}', classes = '{class GaBom.Bom.BomApplication}', contextInitializerClasses = '[]', activeProfiles = '{}', propertySourceLocations = '{}', propertySourceProperties = '{org.springframework.boot.test.context.SpringBootTestContextBootstrapper=true}', contextCustomizers = set[org.springframework.boot.test.autoconfigure.actuate.metrics.MetricsExportContextCustomizerFactory$DisableMetricExportContextCustomizer@2262b621, org.springframework.boot.test.autoconfigure.properties.PropertyMappingContextCustomizer@0, org.springframework.boot.test.autoconfigure.web.servlet.WebDriverContextCustomizerFactory$Customizer@10993713, org.springframework.boot.test.context.filter.ExcludeFilterContextCustomizer@5f031ebd, org.springframework.boot.test.json.DuplicateJsonObjectContextCustomizerFactory$DuplicateJsonObjectContextCustomizer@53812a9b, org.springframework.boot.test.mock.mockito.MockitoContextCustomizer@0, org.springframework.boot.test.web.client.TestRestTemplateContextCustomizer@5974109, org.springframework.boot.test.context.SpringBootTestArgs@1, org.springframework.boot.test.context.SpringBootTestWebEnvironment@dc9876b], resourceBasePath = 'src/main/webapp', contextLoader = 'org.springframework.boot.test.context.SpringBootContextLoader', parent = [null]], attributes = map['org.springframework.test.context.web.ServletTestExecutionListener.activateListener' -> true, 'org.springframework.test.context.web.ServletTestExecutionListener.populatedRequestContextHolder' -> true, 'org.springframework.test.context.web.ServletTestExecutionListener.resetRequestContextHolder' -> true, 'org.springframework.test.context.event.ApplicationEventsTestExecutionListener.recordApplicationEvents' -> false]]; transaction manager [org.springframework.orm.jpa.JpaTransactionManager@3bbab2c9]; rollback [true]
Hibernate: 
    insert 
    into
        user
        (append_date, email, email_auth, following_num, follwer_num, nick_name, provider, refresh_token, update_date, user_id, user_name, user_pw) 
    values
        (?, ?, ?, ?, ?, ?, ?, ?, ?, ?, ?, ?)
Hibernate: 
    insert 
    into
        location
        (address, city, latitude, longitude, name, state) 
    values
        (?, ?, ?, ?, ?, ?)
Hibernate: 
    insert 
    into
        location
        (address, city, latitude, longitude, name, state) 
    values
        (?, ?, ?, ?, ?, ?)
Hibernate: 
    insert 
    into
        card
        (content, image_path, pin_id) 
    values
        (?, ?, ?)
Hibernate: 
    insert 
    into
        card
        (content, image_path, pin_id) 
    values
        (?, ?, ?)
Hibernate: 
    insert 
    into
        card
        (content, image_path, pin_id) 
    values
        (?, ?, ?)
Hibernate: 
    insert 
    into
        pin
        (location_id, travel_id) 
    values
        (?, ?)
Hibernate: 
    insert 
    into
        pin
        (location_id, travel_id) 
    values
        (?, ?)
Hibernate: 
    insert 
    into
        travel
        (city, content, created_at, end_date, expense, is_shared, liked_count, start_date, state, title, transportation, updated_at, user_no) 
    values
        (?, ?, ?, ?, ?, ?, ?, ?, ?, ?, ?, ?, ?)
Hibernate: 
    insert 
    into
        travel
        (city, content, created_at, end_date, expense, is_shared, liked_count, start_date, state, title, transportation, updated_at, user_no) 
    values
        (?, ?, ?, ?, ?, ?, ?, ?, ?, ?, ?, ?, ?)
2022-04-27 12:41:23.957  INFO 14432 --- [    Test worker] o.s.t.c.transaction.TransactionContext   : Rolled back transaction for test: [DefaultTestContext@234421ca testClass = PinRepositoryTest, testInstance = GaBom.Bom.repository.PinRepositoryTest@6e774194, testMethod = PinRepositoryTest@PinRepositoryTest, testException = [null], mergedContextConfiguration = [WebMergedContextConfiguration@ebcf6c0 testClass = PinRepositoryTest, locations = '{}', classes = '{class GaBom.Bom.BomApplication}', contextInitializerClasses = '[]', activeProfiles = '{}', propertySourceLocations = '{}', propertySourceProperties = '{org.springframework.boot.test.context.SpringBootTestContextBootstrapper=true}', contextCustomizers = set[org.springframework.boot.test.autoconfigure.actuate.metrics.MetricsExportContextCustomizerFactory$DisableMetricExportContextCustomizer@2262b621, org.springframework.boot.test.autoconfigure.properties.PropertyMappingContextCustomizer@0, org.springframework.boot.test.autoconfigure.web.servlet.WebDriverContextCustomizerFactory$Customizer@10993713, org.springframework.boot.test.context.filter.ExcludeFilterContextCustomizer@5f031ebd, org.springframework.boot.test.json.DuplicateJsonObjectContextCustomizerFactory$DuplicateJsonObjectContextCustomizer@53812a9b, org.springframework.boot.test.mock.mockito.MockitoContextCustomizer@0, org.springframework.boot.test.web.client.TestRestTemplateContextCustomizer@5974109, org.springframework.boot.test.context.SpringBootTestArgs@1, org.springframework.boot.test.context.SpringBootTestWebEnvironment@dc9876b], resourceBasePath = 'src/main/webapp', contextLoader = 'org.springframework.boot.test.context.SpringBootContextLoader', parent = [null]], attributes = map['org.springframework.test.context.web.ServletTestExecutionListener.activateListener' -> true, 'org.springframework.test.context.web.ServletTestExecutionListener.populatedRequestContextHolder' -> true, 'org.springframework.test.context.web.ServletTestExecutionListener.resetRequestContextHolder' -> true, 'org.springframework.test.context.event.ApplicationEventsTestExecutionListener.recordApplicationEvents' -> false]]
]]></system-out>
  <system-err><![CDATA[]]></system-err>
</testsuite>
